SF:C:\Metin\trendyol-case-study\src\TCS.Domain\Campaign.cs
FN:4,System.Int32 TCS.Domain.Campaign::get_MinimumItemCount()
FNDA:7,System.Int32 TCS.Domain.Campaign::get_MinimumItemCount()
DA:5,7
FN:5,TCS.Domain.Category TCS.Domain.Campaign::get_Category()
FNDA:7,TCS.Domain.Category TCS.Domain.Campaign::get_Category()
DA:6,7
FN:8,System.Void TCS.Domain.Campaign::.ctor(TCS.Domain.Category,System.Double,TCS.Domain.DiscountType,System.Int32)
FNDA:4,System.Void TCS.Domain.Campaign::.ctor(TCS.Domain.Category,System.Double,TCS.Domain.DiscountType,System.Int32)
DA:9,4
DA:10,4
DA:11,4
DA:12,4
DA:13,4
LF:7
LH:7
BRF:0
BRH:0
FNF:3
FNH:3
end_of_record
SF:C:\Metin\trendyol-case-study\src\TCS.Domain\Category.cs
FN:6,System.String TCS.Domain.Category::get_Title()
FNDA:25,System.String TCS.Domain.Category::get_Title()
DA:7,25
FN:7,TCS.Domain.Category TCS.Domain.Category::get_Parent()
FNDA:35,TCS.Domain.Category TCS.Domain.Category::get_Parent()
DA:8,35
FN:15,System.Void TCS.Domain.Category::AssignParent(TCS.Domain.Category)
FNDA:7,System.Void TCS.Domain.Category::AssignParent(TCS.Domain.Category)
DA:16,7
DA:17,7
DA:18,1
DA:19,1
DA:21,6
DA:22,1
DA:23,1
DA:26,5
DA:27,5
DA:28,5
DA:29,5
BRDA:17,7,0,1
BRDA:17,7,1,6
BRDA:21,30,0,1
BRDA:21,30,1,5
FN:31,System.Boolean TCS.Domain.Category::IsParentOf(TCS.Domain.Category)
FNDA:3,System.Boolean TCS.Domain.Category::IsParentOf(TCS.Domain.Category)
DA:32,3
DA:33,3
DA:34,4
DA:35,3
DA:36,3
DA:37,2
DA:38,2
DA:40,1
DA:41,1
DA:42,1
DA:43,3
BRDA:34,38,1,3
BRDA:36,17,0,2
BRDA:36,17,1,1
BRDA:34,38,0,1
FN:9,System.Void TCS.Domain.Category::.ctor(System.String)
FNDA:25,System.Void TCS.Domain.Category::.ctor(System.String)
DA:10,25
DA:11,25
DA:12,25
DA:13,25
LF:28
LH:28
BRF:8
BRH:8
FNF:5
FNH:5
end_of_record
SF:C:\Metin\trendyol-case-study\src\TCS.Domain\Coupon.cs
FN:4,System.Double TCS.Domain.Coupon::get_MinimumAmount()
FNDA:7,System.Double TCS.Domain.Coupon::get_MinimumAmount()
DA:5,7
FN:6,System.Void TCS.Domain.Coupon::.ctor(System.Double,System.Double,TCS.Domain.DiscountType)
FNDA:4,System.Void TCS.Domain.Coupon::.ctor(System.Double,System.Double,TCS.Domain.DiscountType)
DA:7,4
DA:8,4
DA:9,4
DA:10,4
LF:5
LH:5
BRF:0
BRH:0
FNF:2
FNH:2
end_of_record
SF:C:\Metin\trendyol-case-study\src\TCS.Domain\DeliveryCostCalculator.cs
FN:6,System.Double TCS.Domain.DeliveryCostCalculator::get_CostPerDelivery()
FNDA:8,System.Double TCS.Domain.DeliveryCostCalculator::get_CostPerDelivery()
DA:7,8
FN:7,System.Double TCS.Domain.DeliveryCostCalculator::get_CostPerProduct()
FNDA:8,System.Double TCS.Domain.DeliveryCostCalculator::get_CostPerProduct()
DA:8,8
FN:8,System.Double TCS.Domain.DeliveryCostCalculator::get_FixedCost()
FNDA:8,System.Double TCS.Domain.DeliveryCostCalculator::get_FixedCost()
DA:9,8
FN:23,System.Double TCS.Domain.DeliveryCostCalculator::CalculateFor(TCS.Domain.IShoppingCart)
FNDA:6,System.Double TCS.Domain.DeliveryCostCalculator::CalculateFor(TCS.Domain.IShoppingCart)
DA:24,6
DA:25,6
DA:26,1
DA:27,1
DA:30,5
DA:31,5
DA:33,5
DA:34,3
DA:35,3
DA:38,2
DA:39,5
BRDA:25,7,0,1
BRDA:25,7,1,5
BRDA:33,36,0,3
BRDA:33,36,1,2
BRDA:33,47,0,3
BRDA:33,47,1,2
FN:10,System.Void TCS.Domain.DeliveryCostCalculator::.ctor(System.Double,System.Double,System.Double)
FNDA:7,System.Void TCS.Domain.DeliveryCostCalculator::.ctor(System.Double,System.Double,System.Double)
DA:11,7
DA:12,7
DA:13,7
DA:14,1
DA:15,1
DA:18,6
DA:19,6
DA:20,6
DA:21,6
BRDA:13,18,0,6
BRDA:13,30,0,6
BRDA:13,18,1,1
BRDA:13,30,1,1
BRDA:13,49,0,1
BRDA:13,49,1,6
LF:23
LH:23
BRF:12
BRH:12
FNF:5
FNH:5
end_of_record
SF:C:\Metin\trendyol-case-study\src\TCS.Domain\Discount.cs
FN:4,System.Double TCS.Domain.Discount::get_DiscountValue()
FNDA:12,System.Double TCS.Domain.Discount::get_DiscountValue()
DA:5,12
FN:5,TCS.Domain.DiscountType TCS.Domain.Discount::get_DiscountType()
FNDA:14,TCS.Domain.DiscountType TCS.Domain.Discount::get_DiscountType()
DA:6,14
FN:7,System.Void TCS.Domain.Discount::.ctor(System.Double,TCS.Domain.DiscountType)
FNDA:8,System.Void TCS.Domain.Discount::.ctor(System.Double,TCS.Domain.DiscountType)
DA:8,8
DA:9,8
DA:10,8
DA:11,8
DA:12,8
LF:7
LH:7
BRF:0
BRH:0
FNF:3
FNH:3
end_of_record
SF:C:\Metin\trendyol-case-study\src\TCS.Domain\Product.cs
FN:4,System.String TCS.Domain.Product::get_Title()
FNDA:13,System.String TCS.Domain.Product::get_Title()
DA:5,13
FN:5,System.Double TCS.Domain.Product::get_Price()
FNDA:22,System.Double TCS.Domain.Product::get_Price()
DA:6,22
FN:6,TCS.Domain.Category TCS.Domain.Product::get_Category()
FNDA:16,TCS.Domain.Category TCS.Domain.Product::get_Category()
DA:7,16
FN:8,System.Void TCS.Domain.Product::.ctor(System.String,System.Double,TCS.Domain.Category)
FNDA:13,System.Void TCS.Domain.Product::.ctor(System.String,System.Double,TCS.Domain.Category)
DA:9,13
DA:10,13
DA:11,13
DA:12,13
DA:13,13
DA:14,13
LF:9
LH:9
BRF:0
BRH:0
FNF:4
FNH:4
end_of_record
SF:C:\Metin\trendyol-case-study\src\TCS.Domain\ShoppingCart.cs
FN:20,System.Double TCS.Domain.ShoppingCart::get_TotalAmount()
FNDA:14,System.Double TCS.Domain.ShoppingCart::get_TotalAmount()
DA:21,14
BRDA:21,12,0,1
BRDA:21,12,1,7
FN:21,System.Int32 TCS.Domain.ShoppingCart::get_NumberOfProducts()
FNDA:2,System.Int32 TCS.Domain.ShoppingCart::get_NumberOfProducts()
DA:22,2
BRDA:22,12,0,1
BRDA:22,12,1,1
FN:22,System.Int32 TCS.Domain.ShoppingCart::get_NumberOfCategories()
FNDA:0,System.Int32 TCS.Domain.ShoppingCart::get_NumberOfCategories()
DA:23,0
BRDA:23,12,0,0
BRDA:23,12,1,0
FN:37,System.Void TCS.Domain.ShoppingCart::AddItem(TCS.Domain.Product,System.Int32)
FNDA:15,System.Void TCS.Domain.ShoppingCart::AddItem(TCS.Domain.Product,System.Int32)
DA:38,15
DA:39,15
DA:40,1
DA:41,1
DA:43,14
DA:44,1
DA:45,1
DA:48,13
DA:49,13
DA:50,1
DA:51,1
DA:52,1
DA:54,12
DA:55,12
DA:56,12
DA:57,13
BRDA:39,7,0,1
BRDA:39,7,1,14
BRDA:43,27,0,1
BRDA:43,27,1,13
BRDA:49,61,0,1
BRDA:49,61,1,12
FN:59,System.Void TCS.Domain.ShoppingCart::ApplyDiscounts(TCS.Domain.Campaign[])
FNDA:4,System.Void TCS.Domain.ShoppingCart::ApplyDiscounts(TCS.Domain.Campaign[])
DA:60,4
DA:61,4
DA:62,4
FN:64,System.Void TCS.Domain.ShoppingCart::ApplyCoupon(TCS.Domain.Coupon)
FNDA:4,System.Void TCS.Domain.ShoppingCart::ApplyCoupon(TCS.Domain.Coupon)
DA:65,4
DA:66,4
DA:67,4
FN:69,System.Double TCS.Domain.ShoppingCart::GetTotalAmountAfterDiscounts()
FNDA:1,System.Double TCS.Domain.ShoppingCart::GetTotalAmountAfterDiscounts()
DA:70,1
DA:71,1
DA:72,1
DA:73,1
DA:74,1
DA:75,1
FN:77,System.Double TCS.Domain.ShoppingCart::GetCouponDiscount()
FNDA:4,System.Double TCS.Domain.ShoppingCart::GetCouponDiscount()
DA:78,4
DA:79,4
DA:80,4
FN:82,System.Double TCS.Domain.ShoppingCart::GetCouponDiscount(System.Double)
FNDA:5,System.Double TCS.Domain.ShoppingCart::GetCouponDiscount(System.Double)
DA:83,5
DA:84,5
DA:85,5
DA:86,3
DA:87,3
DA:88,2
DA:89,2
DA:90,1
DA:91,1
DA:92,1
DA:93,1
DA:94,1
DA:95,1
DA:96,1
DA:97,2
DA:98,3
DA:99,5
DA:100,5
BRDA:85,22,0,3
BRDA:87,44,0,2
BRDA:89,63,0,1
BRDA:89,63,1,1
BRDA:93,99,0,1
BRDA:93,99,1,2
BRDA:87,44,1,3
BRDA:85,22,1,5
FN:102,System.Double TCS.Domain.ShoppingCart::GetCampaignDiscount()
FNDA:5,System.Double TCS.Domain.ShoppingCart::GetCampaignDiscount()
DA:103,5
DA:104,5
DA:105,21
DA:106,3
DA:107,3
DA:108,6
DA:109,3
DA:110,2
DA:111,2
DA:112,1
DA:113,1
DA:114,1
DA:115,1
DA:116,1
DA:117,2
DA:118,1
DA:119,2
DA:120,3
DA:121,5
DA:122,5
BRDA:105,221,1,3
BRDA:108,74,0,1
BRDA:108,74,1,3
BRDA:109,128,0,2
BRDA:111,149,0,1
BRDA:111,149,1,1
BRDA:115,189,0,1
BRDA:115,189,1,2
BRDA:109,128,1,3
BRDA:105,221,0,5
FN:124,System.Double TCS.Domain.ShoppingCart::GetDeliveryCost()
FNDA:1,System.Double TCS.Domain.ShoppingCart::GetDeliveryCost()
DA:125,1
DA:126,1
DA:127,1
FN:152,System.Collections.Generic.Dictionary`2<TCS.Domain.Product,System.Int32> TCS.Domain.ShoppingCart::GetProductsByCategory(TCS.Domain.Category)
FNDA:3,System.Collections.Generic.Dictionary`2<TCS.Domain.Product,System.Int32> TCS.Domain.ShoppingCart::GetProductsByCategory(TCS.Domain.Category)
DA:153,3
DA:154,6
DA:155,9
DA:156,3
BRDA:154,43,0,1
BRDA:154,43,1,6
BRDA:154,74,0,1
BRDA:154,74,1,3
FN:24,System.Void TCS.Domain.ShoppingCart::.ctor(TCS.Domain.IDeliveryCostCalculator)
FNDA:17,System.Void TCS.Domain.ShoppingCart::.ctor(TCS.Domain.IDeliveryCostCalculator)
DA:25,17
DA:26,17
DA:27,17
DA:28,17
DA:30,17
DA:31,1
DA:32,1
DA:34,16
DA:35,16
BRDA:30,36,0,1
BRDA:30,36,1,16
FN:131,System.String TCS.Domain.ShoppingCart/<>c::<Print>b__19_0(System.Collections.Generic.KeyValuePair`2<TCS.Domain.Product,System.Int32>)
FNDA:0,System.String TCS.Domain.ShoppingCart/<>c::<Print>b__19_0(System.Collections.Generic.KeyValuePair`2<TCS.Domain.Product,System.Int32>)
DA:132,0
LF:89
LH:87
BRF:36
BRH:34
FNF:14
FNH:12
end_of_record